<container>

    <stream
        id="video"
        class="stream.io.MJpegImageStream"
        url="http://download.jwall.org/stuff/KaffeeFilm.mjpeg.gz" />

    <process input="video" >

        <CreateID key="frame:id" />
        
        <stream.image.DiffImage />

        <stream.image.DisplayImage key="data" />

        <stream.image.AverageRGB />
        
        <!--
        <stream.io.BinaryWriter key="data" url="file:/Volumes/RamDisk/frame-%{data.@frame:id}.jpg" />
        <stream.flow.Delay time="25ms" />
        -->

        <stream.flow.Skip condition="%{data.frame:blue:avg} == null " />

        <stream.image.AverageRGBRatios />
        
        <stream.image.ChangedPixelRatio />
        
        <PrintData />
        <stream.plotter.Plotter
            history="1000"
            keepOpen="true"
            keys="frame:diff:changeratio" />

        <Delay time="25ms" />
    </process>

</container>