<container>

    <stream
        id="video"
        class="stream.io.DataObjectStream"
        url="tcp://192.168.10.10:9100/" />

    <process input="video" >

        <CreateID key="frame:id" />

        <stream.image.DisplayImage key="data" />

    </process>

</container>

        <!-- 
        <stream.image.DiffImage />
         -->


    <!-- 
        class="stream.io.MJpegImageStream"
        url="tcp://localhost:9999" />
        url="http://download.jwall.org/stuff/KaffeeFilm.mjpeg.gz" />
     -->

     
             <!--
        <stream.image.AverageRGB />
        <stream.io.BinaryWriter key="data" url="file:/Volumes/RamDisk/frame-%{data.@frame:id}.jpg" />
        <stream.flow.Delay time="25ms" />

        <stream.flow.Skip condition="%{data.frame:blue:avg} == null " />

        <stream.image.AverageRGBRatios />
        <PrintData />
        <stream.plotter.Plotter
            history="1000"
            keepOpen="true"
            keys="frame:red:green,frame:red:blue,frame:green:blue" />
        -->