<container>

    <stream
        id="video"
        class="stream.io.MJpegImageStream"
        url="tcp://192.168.10.10:9100/" />
    
    <!-- 
        url="file:/Volumes/RamDisk/coffee.mjpeg" />
        url="http://download.jwall.org/stuff/KaffeeFilm.mjpeg.gz" />
     -->

    <process input="video" >

        <CreateID key="frame:id" />
        <Skip condition="%{date.frame:id} @lt 100"/>
        
        <stream.image.Rectangle x="120" y="20" width="120" height="80" output="data" />
        <stream.image.DisplayImage key="data" />
        
        <!-- 
        <stream.image.Crop x="120" y="20" width="80" height="80" output="data" />
        <stream.image.DisplayImage key="data" />
         -->
        <!-- 
		<stream.image.DiffImage />
        <stream.flow.Delay time="25ms" />
        
         -->

    </process>
</container>
